<?xml version="1.0" encoding="UTF-8"?>
<testsuites name="New Test Suite" time="19" tests="4" failures="0" errors="0">
   <testsuite name="New Test Suite" tests="4" failures="0" errors="0" time="19" timestamp="2019-01-18 20:49:30" hostname="seongjucho - 218.38.137.27" id="Test Suites/New Test Suite">
      <properties>
         <property name="deviceName" value=""/>
         <property name="devicePlatform" value=""/>
         <property name="logFolder" value="/Users/seongjucho/Katalon Studio/API Demo Project1/Reports/New Test Suite/20190118_204921"/>
         <property name="logFiles" value="/Users/seongjucho/Katalon Studio/API Demo Project1/Reports/New Test Suite/20190118_204921/execution0.log"/>
         <property name="attachments" value=""/>
         <property name="hostName" value="seongjucho - 218.38.137.27"/>
         <property name="hostAddress" value="218.38.137.27"/>
         <property name="os" value="Mac OS X 64bit"/>
         <property name="katalonVersion" value="5.8.0.1"/>
      </properties>
      <testcase name="Test Cases/GetbankDetails" classname="Test Cases/GetbankDetails" status="PASSED">
         <system-out><![CDATA[2019-01-18 20:49:33 - [TEST_CASE][PASSED] - Test Cases/GetbankDetails: Test Cases/GetbankDetails

2019-01-18 20:49:35 - [TEST_STEP][PASSED] - sendRequest: Send request successfully

2019-01-18 20:49:37 - [MESSAGE][PASSED] - Send request successfully]]></system-out>
         <system-err><![CDATA[]]></system-err>
      </testcase>
      <testcase name="Test Cases/TestHTTPMethods" classname="Test Cases/TestHTTPMethods" status="PASSED">
         <system-out><![CDATA[2019-01-18 20:49:37 - [TEST_CASE][PASSED] - Test Cases/TestHTTPMethods: Test Cases/TestHTTPMethods

2019-01-18 20:49:38 - [TEST_STEP][PASSED] - sendRequestAndVerify: Send request and verify the response successfully

2019-01-18 20:49:40 - [TEST_CASE][PASSED] - Start Test Case : Verification: Verification accomplished successfully

2019-01-18 20:49:41 - [TEST_STEP][PASSED] - Statement - request = com.kms.katalon.core.webservice.verification.WSResponseManager.getInstance().getCurrentRequest(): null

2019-01-18 20:49:41 - [TEST_STEP][PASSED] - Statement - response = com.kms.katalon.core.webservice.verification.WSResponseManager.getInstance().getCurrentResponse(): null

2019-01-18 20:49:41 - [TEST_STEP][PASSED] - verifyResponseStatusCode: Verify response status code successfully

2019-01-18 20:49:41 - [MESSAGE][PASSED] - Verify response status code successfully

2019-01-18 20:49:41 - [TEST_STEP][PASSED] - Statement - org.assertj.core.api.Assertions.assertThat(response.getStatusCode()).isEqualTo(200): null

2019-01-18 20:49:42 - [TEST_STEP][PASSED] - verifyElementPropertyValue: Verify element property value successfully

2019-01-18 20:49:42 - [MESSAGE][PASSED] - Verify element property value successfully

2019-01-18 20:49:42 - [MESSAGE][PASSED] - Verify response successfully

2019-01-18 20:49:42 - [MESSAGE][PASSED] - Send request and verify the response successfully

2019-01-18 20:49:42 - [TEST_STEP][PASSED] - sendRequestAndVerify: Send request and verify the response successfully

2019-01-18 20:49:43 - [TEST_CASE][PASSED] - Start Test Case : Verification: Verification accomplished successfully

2019-01-18 20:49:43 - [TEST_STEP][PASSED] - Statement - request = com.kms.katalon.core.webservice.verification.WSResponseManager.getInstance().getCurrentRequest(): null

2019-01-18 20:49:43 - [TEST_STEP][PASSED] - Statement - response = com.kms.katalon.core.webservice.verification.WSResponseManager.getInstance().getCurrentResponse(): null

2019-01-18 20:49:43 - [MESSAGE][PASSED] - Verify response successfully

2019-01-18 20:49:43 - [MESSAGE][PASSED] - Send request and verify the response successfully

2019-01-18 20:49:43 - [TEST_STEP][PASSED] - sendRequestAndVerify: Send request and verify the response successfully

2019-01-18 20:49:44 - [TEST_CASE][PASSED] - Start Test Case : Verification: Verification accomplished successfully

2019-01-18 20:49:44 - [TEST_STEP][PASSED] - Statement - request = com.kms.katalon.core.webservice.verification.WSResponseManager.getInstance().getCurrentRequest(): null

2019-01-18 20:49:44 - [TEST_STEP][PASSED] - Statement - response = com.kms.katalon.core.webservice.verification.WSResponseManager.getInstance().getCurrentResponse(): null

2019-01-18 20:49:44 - [MESSAGE][PASSED] - Verify response successfully

2019-01-18 20:49:44 - [MESSAGE][PASSED] - Send request and verify the response successfully

2019-01-18 20:49:44 - [TEST_STEP][PASSED] - sendRequestAndVerify: Send request and verify the response successfully

2019-01-18 20:49:45 - [TEST_CASE][PASSED] - Start Test Case : Verification: Verification accomplished successfully

2019-01-18 20:49:45 - [TEST_STEP][PASSED] - Statement - request = com.kms.katalon.core.webservice.verification.WSResponseManager.getInstance().getCurrentRequest(): null

2019-01-18 20:49:45 - [TEST_STEP][PASSED] - Statement - response = com.kms.katalon.core.webservice.verification.WSResponseManager.getInstance().getCurrentResponse(): null

2019-01-18 20:49:45 - [TEST_STEP][PASSED] - verifyResponseStatusCode: Verify response status code successfully

2019-01-18 20:49:45 - [MESSAGE][PASSED] - Verify response status code successfully

2019-01-18 20:49:45 - [TEST_STEP][PASSED] - Statement - org.assertj.core.api.Assertions.assertThat(response.getStatusCode()).isEqualTo(201): null

2019-01-18 20:49:45 - [MESSAGE][PASSED] - Verify response successfully

2019-01-18 20:49:45 - [MESSAGE][PASSED] - Send request and verify the response successfully]]></system-out>
         <system-err><![CDATA[]]></system-err>
      </testcase>
      <testcase name="Test Cases/ListUser" classname="Test Cases/ListUser" status="PASSED">
         <system-out><![CDATA[2019-01-18 20:49:45 - [TEST_CASE][PASSED] - Test Cases/ListUser: Test Cases/ListUser

2019-01-18 20:49:46 - [TEST_STEP][PASSED] - sendRequest: Send request successfully

2019-01-18 20:49:47 - [MESSAGE][PASSED] - Send request successfully

2019-01-18 20:49:47 - [TEST_STEP][PASSED] - Statement - response = com.kms.katalon.core.webservice.keyword.WSBuiltInKeywords.sendRequestAndVerify(com.kms.katalon.core.testobject.ObjectRepository.findTestObject(UserResultService/ListUsers)): Send request and verify the response successfully

2019-01-18 20:49:47 - [TEST_CASE][PASSED] - Start Test Case : Verification: Verification accomplished successfully

2019-01-18 20:49:47 - [TEST_STEP][PASSED] - Statement - request = com.kms.katalon.core.webservice.verification.WSResponseManager.getInstance().getCurrentRequest(): null

2019-01-18 20:49:47 - [TEST_STEP][PASSED] - Statement - response = com.kms.katalon.core.webservice.verification.WSResponseManager.getInstance().getCurrentResponse(): null

2019-01-18 20:49:47 - [TEST_STEP][PASSED] - verifyResponseStatusCode: Verify response status code successfully

2019-01-18 20:49:47 - [MESSAGE][PASSED] - Verify response status code successfully

2019-01-18 20:49:47 - [TEST_STEP][PASSED] - Statement - org.assertj.core.api.Assertions.assertThat(response.getStatusCode()).isEqualTo(200): null

2019-01-18 20:49:47 - [TEST_STEP][PASSED] - verifyElementPropertyValue: Verify element property value successfully

2019-01-18 20:49:48 - [MESSAGE][PASSED] - Verify element property value successfully

2019-01-18 20:49:48 - [MESSAGE][PASSED] - Verify response successfully

2019-01-18 20:49:48 - [MESSAGE][PASSED] - Send request and verify the response successfully

2019-01-18 20:49:48 - [TEST_STEP][PASSED] - verifyElementPropertyValue: Verify element property value successfully

2019-01-18 20:49:48 - [MESSAGE][PASSED] - Verify element property value successfully

2019-01-18 20:49:48 - [TEST_STEP][PASSED] - verifyElementsCount: Verify element count successfully

2019-01-18 20:49:48 - [MESSAGE][PASSED] - Verify element count successfully

2019-01-18 20:49:48 - [TEST_STEP][PASSED] - verifyResponseStatusCodeInRange: Verify response status code successfully

2019-01-18 20:49:48 - [MESSAGE][PASSED] - Verify response status code successfully]]></system-out>
         <system-err><![CDATA[]]></system-err>
      </testcase>
      <testcase name="Test Cases/CalculatorTests/Addition" classname="Test Cases/CalculatorTests/Addition" status="PASSED">
         <system-out><![CDATA[2019-01-18 20:49:48 - [TEST_CASE][PASSED] - Test Cases/CalculatorTests/Addition: Test Cases/CalculatorTests/Addition

2019-01-18 20:49:49 - [TEST_STEP][PASSED] - Statement - response = com.kms.katalon.core.webservice.keyword.WSBuiltInKeywords.sendRequest(com.kms.katalon.core.testobject.ObjectRepository.findTestObject(CalculatorSoaps/addtion)): Send request successfully

2019-01-18 20:49:50 - [MESSAGE][PASSED] - Send request successfully]]></system-out>
         <system-err><![CDATA[]]></system-err>
      </testcase>
      <system-out><![CDATA[2019-01-18 20:49:30 - [TEST_SUITE][PASSED] - New Test Suite: Test Cases/CalculatorTests/Addition]]></system-out>
      <system-err><![CDATA[]]></system-err>
   </testsuite>
</testsuites>
